<?xml version="1.0" encoding="UTF-8"?>
<!-- Generated by org.testng.reporters.JUnitReportReporter -->
<testsuite hostname="LAPTOP-U93KTHPP" failures="0" tests="1" name="testClasses.GiftIdeasVerification" time="14.569" errors="0" timestamp="2021-10-29T23:37:33 IST" skipped="0">
  <testcase classname="testClasses.GiftIdeasVerification" name="verfyGiftIdeas" time="14.569"/>
  <system-out/>
</testsuite> <!-- testClasses.GiftIdeasVerification -->
