<?xml version="1.0" encoding="UTF-8"?>
<!-- Generated by org.testng.reporters.JUnitReportReporter -->
<testsuite hostname="LAPTOP-U93KTHPP" failures="0" tests="2" name="testClasses.VerifyHomePage" time="20.753" errors="0" timestamp="2021-10-29T23:37:33 IST" skipped="0">
  <testcase classname="testClasses.VerifyHomePage" name="verifyAllOption" time="10.264"/>
  <system-out/>
  <testcase classname="testClasses.VerifyHomePage" name="verifyFashion" time="10.489"/>
  <system-out/>
</testsuite> <!-- testClasses.VerifyHomePage -->
